<?xml version="1.0" encoding="UTF-8" ?>
<testsuite failures="0" time="0.023" errors="0" skipped="0" tests="1" name="lk.uom.cabon.login.remote.AppTest">
  <properties>
    <property name="java.runtime.name" value="Java(TM) SE Runtime Environment"/>
    <property name="sun.boot.library.path" value="C:\Program Files\Java\jdk1.6.0_11\jre\bin"/>
    <property name="java.vm.version" value="11.0-b16"/>
    <property name="java.vm.vendor" value="Sun Microsystems Inc."/>
    <property name="java.vendor.url" value="http://java.sun.com/"/>
    <property name="path.separator" value=";"/>
    <property name="java.vm.name" value="Java HotSpot(TM) Client VM"/>
    <property name="file.encoding.pkg" value="sun.io"/>
    <property name="user.country" value="US"/>
    <property name="sun.java.launcher" value="SUN_STANDARD"/>
    <property name="sun.os.patch.level" value=""/>
    <property name="java.vm.specification.name" value="Java Virtual Machine Specification"/>
    <property name="user.dir" value="C:\Users\Melaka\ESBhive\test\lk.uom.cabon.login.remote"/>
    <property name="java.runtime.version" value="1.6.0_11-b03"/>
    <property name="java.awt.graphicsenv" value="sun.awt.Win32GraphicsEnvironment"/>
    <property name="basedir" value="C:\Users\Melaka\ESBhive\test\lk.uom.cabon.login.remote"/>
    <property name="java.endorsed.dirs" value="C:\Program Files\Java\jdk1.6.0_11\jre\lib\endorsed"/>
    <property name="os.arch" value="x86"/>
    <property name="surefire.real.class.path" value="C:\Users\Melaka\AppData\Local\Temp\surefirebooter7369425223645284569.jar"/>
    <property name="java.io.tmpdir" value="C:\Users\Melaka\AppData\Local\Temp\"/>
    <property name="line.separator" value="
"/>
    <property name="java.vm.specification.vendor" value="Sun Microsystems Inc."/>
    <property name="user.variant" value=""/>
    <property name="os.name" value="Windows Vista"/>
    <property name="sun.jnu.encoding" value="Cp1252"/>
    <property name="java.library.path" value="C:\Program Files\Java\jdk1.6.0_11\jre\bin;.;C:\Windows\Sun\Java\bin;C:\Windows\system32;C:\Windows;C:\Windows\System32\Wbem;C:\Program Files\PC Connectivity Solution\;C:\Program Files\Java\jdk1.6.0_11\bin;C:\Windows\System32;c:\Program Files\Microsoft SQL Server\90\Tools\bin;C:\Users\Melaka\Desktop\Academic Level 4\Compiler Theory\programming project\jflex-1.4.3\jflex-1.4.3\lib\JFlex.jar;C:\Program Files\Subversion\bin;C:\Program Files\TortoiseSVN\bin;C:\Program Files\apache-maven-2.2.1\bin;C:\Program Files\MATLAB\R2008b\bin;C:\Program Files\MATLAB\R2008b\bin\win32;C:\Program Files\Common Files\Ulead Systems\MPEG;C:\Program Files\WinAnt\bin"/>
    <property name="surefire.test.class.path" value="C:\Users\Melaka\ESBhive\test\lk.uom.cabon.login.remote\target\test-classes;C:\Users\Melaka\ESBhive\test\lk.uom.cabon.login.remote\target\classes;C:\Users\Melaka\.m2\repository\junit\junit\3.8.1\junit-3.8.1.jar;C:\Users\Melaka\.m2\repository\org\apache\axis2\axis2-codegen\1.5.2\axis2-codegen-1.5.2.jar;C:\Users\Melaka\.m2\repository\org\apache\axis2\axis2-kernel\1.5.2\axis2-kernel-1.5.2.jar;C:\Users\Melaka\.m2\repository\org\apache\ws\commons\axiom\axiom-api\1.2.9\axiom-api-1.2.9.jar;C:\Users\Melaka\.m2\repository\org\apache\geronimo\specs\geronimo-activation_1.1_spec\1.0.2\geronimo-activation_1.1_spec-1.0.2.jar;C:\Users\Melaka\.m2\repository\org\apache\geronimo\specs\geronimo-javamail_1.4_spec\1.6\geronimo-javamail_1.4_spec-1.6.jar;C:\Users\Melaka\.m2\repository\commons-logging\commons-logging\1.1.1\commons-logging-1.1.1.jar;C:\Users\Melaka\.m2\repository\jaxen\jaxen\1.1.1\jaxen-1.1.1.jar;C:\Users\Melaka\.m2\repository\org\apache\geronimo\specs\geronimo-stax-api_1.0_spec\1.0.1\geronimo-stax-api_1.0_spec-1.0.1.jar;C:\Users\Melaka\.m2\repository\org\apache\ws\commons\axiom\axiom-impl\1.2.9\axiom-impl-1.2.9.jar;C:\Users\Melaka\.m2\repository\org\codehaus\woodstox\wstx-asl\3.2.9\wstx-asl-3.2.9.jar;C:\Users\Melaka\.m2\repository\org\apache\ws\commons\axiom\axiom-dom\1.2.9\axiom-dom-1.2.9.jar;C:\Users\Melaka\.m2\repository\org\apache\geronimo\specs\geronimo-ws-metadata_2.0_spec\1.1.2\geronimo-ws-metadata_2.0_spec-1.1.2.jar;C:\Users\Melaka\.m2\repository\org\apache\geronimo\specs\geronimo-jta_1.1_spec\1.1\geronimo-jta_1.1_spec-1.1.jar;C:\Users\Melaka\.m2\repository\javax\servlet\servlet-api\2.3\servlet-api-2.3.jar;C:\Users\Melaka\.m2\repository\commons-httpclient\commons-httpclient\3.1\commons-httpclient-3.1.jar;C:\Users\Melaka\.m2\repository\commons-codec\commons-codec\1.2\commons-codec-1.2.jar;C:\Users\Melaka\.m2\repository\commons-fileupload\commons-fileupload\1.2\commons-fileupload-1.2.jar;C:\Users\Melaka\.m2\repository\wsdl4j\wsdl4j\1.6.2\wsdl4j-1.6.2.jar;C:\Users\Melaka\.m2\repository\org\apache\ws\commons\schema\XmlSchema\1.4.3\XmlSchema-1.4.3.jar;C:\Users\Melaka\.m2\repository\org\apache\neethi\neethi\2.0.4\neethi-2.0.4.jar;C:\Users\Melaka\.m2\repository\org\apache\woden\woden-api\1.0M8\woden-api-1.0M8.jar;C:\Users\Melaka\.m2\repository\org\apache\ant\ant\1.7.0\ant-1.7.0.jar;C:\Users\Melaka\.m2\repository\org\apache\ant\ant-launcher\1.7.0\ant-launcher-1.7.0.jar;C:\Users\Melaka\.m2\repository\org\apache\woden\woden-impl-dom\1.0M8\woden-impl-dom-1.0M8.jar;C:\Users\Melaka\.m2\repository\xerces\xercesImpl\2.8.1\xercesImpl-2.8.1.jar;C:\Users\Melaka\.m2\repository\org\apache\axis2\axis2-adb\1.5.2\axis2-adb-1.5.2.jar;C:\Users\Melaka\.m2\repository\org\apache\axis2\axis2-adb-codegen\1.5.2\axis2-adb-codegen-1.5.2.jar;C:\Users\Melaka\.m2\repository\org\apache\axis2\axis2-transport-local\1.5.2\axis2-transport-local-1.5.2.jar;C:\Users\Melaka\.m2\repository\org\apache\axis2\axis2-transport-http\1.5.2\axis2-transport-http-1.5.2.jar;C:\Users\Melaka\.m2\repository\org\apache\httpcomponents\httpcore\4.0\httpcore-4.0.jar;"/>
    <property name="java.specification.name" value="Java Platform API Specification"/>
    <property name="java.class.version" value="50.0"/>
    <property name="sun.management.compiler" value="HotSpot Client Compiler"/>
    <property name="os.version" value="6.1"/>
    <property name="user.home" value="C:\Users\Melaka"/>
    <property name="user.timezone" value=""/>
    <property name="java.awt.printerjob" value="sun.awt.windows.WPrinterJob"/>
    <property name="java.specification.version" value="1.6"/>
    <property name="file.encoding" value="Cp1252"/>
    <property name="user.name" value="Melaka"/>
    <property name="java.class.path" value="C:\Users\Melaka\ESBhive\test\lk.uom.cabon.login.remote\target\test-classes;C:\Users\Melaka\ESBhive\test\lk.uom.cabon.login.remote\target\classes;C:\Users\Melaka\.m2\repository\junit\junit\3.8.1\junit-3.8.1.jar;C:\Users\Melaka\.m2\repository\org\apache\axis2\axis2-codegen\1.5.2\axis2-codegen-1.5.2.jar;C:\Users\Melaka\.m2\repository\org\apache\axis2\axis2-kernel\1.5.2\axis2-kernel-1.5.2.jar;C:\Users\Melaka\.m2\repository\org\apache\ws\commons\axiom\axiom-api\1.2.9\axiom-api-1.2.9.jar;C:\Users\Melaka\.m2\repository\org\apache\geronimo\specs\geronimo-activation_1.1_spec\1.0.2\geronimo-activation_1.1_spec-1.0.2.jar;C:\Users\Melaka\.m2\repository\org\apache\geronimo\specs\geronimo-javamail_1.4_spec\1.6\geronimo-javamail_1.4_spec-1.6.jar;C:\Users\Melaka\.m2\repository\commons-logging\commons-logging\1.1.1\commons-logging-1.1.1.jar;C:\Users\Melaka\.m2\repository\jaxen\jaxen\1.1.1\jaxen-1.1.1.jar;C:\Users\Melaka\.m2\repository\org\apache\geronimo\specs\geronimo-stax-api_1.0_spec\1.0.1\geronimo-stax-api_1.0_spec-1.0.1.jar;C:\Users\Melaka\.m2\repository\org\apache\ws\commons\axiom\axiom-impl\1.2.9\axiom-impl-1.2.9.jar;C:\Users\Melaka\.m2\repository\org\codehaus\woodstox\wstx-asl\3.2.9\wstx-asl-3.2.9.jar;C:\Users\Melaka\.m2\repository\org\apache\ws\commons\axiom\axiom-dom\1.2.9\axiom-dom-1.2.9.jar;C:\Users\Melaka\.m2\repository\org\apache\geronimo\specs\geronimo-ws-metadata_2.0_spec\1.1.2\geronimo-ws-metadata_2.0_spec-1.1.2.jar;C:\Users\Melaka\.m2\repository\org\apache\geronimo\specs\geronimo-jta_1.1_spec\1.1\geronimo-jta_1.1_spec-1.1.jar;C:\Users\Melaka\.m2\repository\javax\servlet\servlet-api\2.3\servlet-api-2.3.jar;C:\Users\Melaka\.m2\repository\commons-httpclient\commons-httpclient\3.1\commons-httpclient-3.1.jar;C:\Users\Melaka\.m2\repository\commons-codec\commons-codec\1.2\commons-codec-1.2.jar;C:\Users\Melaka\.m2\repository\commons-fileupload\commons-fileupload\1.2\commons-fileupload-1.2.jar;C:\Users\Melaka\.m2\repository\wsdl4j\wsdl4j\1.6.2\wsdl4j-1.6.2.jar;C:\Users\Melaka\.m2\repository\org\apache\ws\commons\schema\XmlSchema\1.4.3\XmlSchema-1.4.3.jar;C:\Users\Melaka\.m2\repository\org\apache\neethi\neethi\2.0.4\neethi-2.0.4.jar;C:\Users\Melaka\.m2\repository\org\apache\woden\woden-api\1.0M8\woden-api-1.0M8.jar;C:\Users\Melaka\.m2\repository\org\apache\ant\ant\1.7.0\ant-1.7.0.jar;C:\Users\Melaka\.m2\repository\org\apache\ant\ant-launcher\1.7.0\ant-launcher-1.7.0.jar;C:\Users\Melaka\.m2\repository\org\apache\woden\woden-impl-dom\1.0M8\woden-impl-dom-1.0M8.jar;C:\Users\Melaka\.m2\repository\xerces\xercesImpl\2.8.1\xercesImpl-2.8.1.jar;C:\Users\Melaka\.m2\repository\org\apache\axis2\axis2-adb\1.5.2\axis2-adb-1.5.2.jar;C:\Users\Melaka\.m2\repository\org\apache\axis2\axis2-adb-codegen\1.5.2\axis2-adb-codegen-1.5.2.jar;C:\Users\Melaka\.m2\repository\org\apache\axis2\axis2-transport-local\1.5.2\axis2-transport-local-1.5.2.jar;C:\Users\Melaka\.m2\repository\org\apache\axis2\axis2-transport-http\1.5.2\axis2-transport-http-1.5.2.jar;C:\Users\Melaka\.m2\repository\org\apache\httpcomponents\httpcore\4.0\httpcore-4.0.jar;"/>
    <property name="java.vm.specification.version" value="1.0"/>
    <property name="sun.arch.data.model" value="32"/>
    <property name="java.home" value="C:\Program Files\Java\jdk1.6.0_11\jre"/>
    <property name="java.specification.vendor" value="Sun Microsystems Inc."/>
    <property name="user.language" value="en"/>
    <property name="awt.toolkit" value="sun.awt.windows.WToolkit"/>
    <property name="java.vm.info" value="mixed mode, sharing"/>
    <property name="java.version" value="1.6.0_11"/>
    <property name="java.ext.dirs" value="C:\Program Files\Java\jdk1.6.0_11\jre\lib\ext;C:\Windows\Sun\Java\lib\ext"/>
    <property name="sun.boot.class.path" value="C:\Program Files\Java\jdk1.6.0_11\jre\lib\resources.jar;C:\Program Files\Java\jdk1.6.0_11\jre\lib\rt.jar;C:\Program Files\Java\jdk1.6.0_11\jre\lib\sunrsasign.jar;C:\Program Files\Java\jdk1.6.0_11\jre\lib\jsse.jar;C:\Program Files\Java\jdk1.6.0_11\jre\lib\jce.jar;C:\Program Files\Java\jdk1.6.0_11\jre\lib\charsets.jar;C:\Program Files\Java\jdk1.6.0_11\jre\classes"/>
    <property name="java.vendor" value="Sun Microsystems Inc."/>
    <property name="localRepository" value="C:\Users\Melaka\.m2\repository"/>
    <property name="file.separator" value="\"/>
    <property name="java.vendor.url.bug" value="http://java.sun.com/cgi-bin/bugreport.cgi"/>
    <property name="sun.cpu.endian" value="little"/>
    <property name="sun.io.unicode.encoding" value="UnicodeLittle"/>
    <property name="sun.desktop" value="windows"/>
    <property name="sun.cpu.isalist" value="pentium_pro+mmx pentium_pro pentium+mmx pentium i486 i386 i86"/>
  </properties>
  <testcase time="0.003" classname="lk.uom.cabon.login.remote.AppTest" name="testApp"/>
</testsuite>